1669837308334 GET /api/books
1669837408767 POST /api/books
1669837730187 POST /api/books
1669838112029 POST /api/books
1669838299798 POST /api/books
1669838353192 GET /api/books
1669838828407 GET /api/books
1669838841599 POST /api/books
1669838981362 POST /api/books
1669839030239 POST /api/books
1669839070248 POST /api/books
1669839766937 GET /api/books
1669839770730 POST /api/books
1669839797651 GET /api/books/d61e8ac0-9b2e-4497-ba76-160984589e18/download
1669839901513 POST /api/books/
1669839913972 GET /api/books/1bd11792-a4a9-4a6c-b4eb-2e5a3e538bc4/download
1669840014956 POST /api/books
1669840034613 GET /api/books/aa5bf147-69cb-4413-97ca-71f02ea45d74/download
1669840034658 GET /favicon.ico
1669840054496 GET /api/books/aa5bf147-69cb-4413-97ca-71f02ea45d74/download
1669840316863 POST /api/books
1669840329014 GET /api/books/b9cc3572-208f-47d1-9085-f03af30cf183/download
1669840362343 POST /api/books
